2025-03-17 16:21:18,315 - __main__ - INFO - Training new model...
2025-03-17 16:21:18,327 - __main__ - ERROR - Error during startup: [Errno 2] No such file or directory: '../data/kddcup.data_10_percent'
2025-03-17 16:25:22,945 - __main__ - INFO - Training new model...
2025-03-17 16:26:24,916 - __main__ - ERROR - Error during startup: [Errno 2] No such file or directory: '../models/intrusion_model.pkl'
2025-03-17 16:28:01,014 - __main__ - INFO - Training new model...
2025-03-17 16:36:02,457 - __main__ - INFO - Prediction made: normal.
2025-03-17 16:36:32,871 - __main__ - INFO - Prediction made: normal.
2025-03-17 16:36:58,222 - __main__ - INFO - Prediction made: normal.
2025-03-17 16:38:16,030 - __main__ - INFO - Prediction made: normal.
2025-03-17 16:42:43,344 - __main__ - INFO - Prediction made: normal.
2025-03-17 16:42:47,256 - __main__ - INFO - Prediction made: normal.
2025-03-17 16:42:50,359 - __main__ - INFO - Prediction made: normal.
2025-03-17 16:42:53,471 - __main__ - INFO - Prediction made: normal.
2025-03-17 16:42:56,590 - __main__ - INFO - Prediction made: normal.
2025-03-17 16:42:59,760 - __main__ - INFO - Prediction made: normal.
2025-03-17 16:43:02,905 - __main__ - INFO - Prediction made: normal.
2025-03-17 16:43:06,032 - __main__ - INFO - Prediction made: normal.
2025-03-17 16:43:09,217 - __main__ - INFO - Prediction made: normal.
2025-03-17 16:43:12,345 - __main__ - INFO - Prediction made: normal.
2025-03-17 16:43:15,469 - __main__ - INFO - Prediction made: normal.
2025-03-17 16:43:18,597 - __main__ - INFO - Prediction made: normal.
2025-03-17 16:43:21,723 - __main__ - INFO - Prediction made: normal.
2025-03-17 16:43:24,891 - __main__ - INFO - Prediction made: normal.
2025-03-17 16:43:33,301 - __main__ - INFO - Prediction made: normal.
2025-03-17 16:43:36,446 - __main__ - INFO - Prediction made: normal.
2025-03-17 16:43:39,561 - __main__ - INFO - Prediction made: normal.
2025-03-17 16:43:42,703 - __main__ - INFO - Prediction made: normal.
2025-03-17 16:43:45,831 - __main__ - INFO - Prediction made: normal.
2025-03-17 16:43:48,950 - __main__ - INFO - Prediction made: normal.
2025-03-17 16:43:52,057 - __main__ - INFO - Prediction made: normal.
2025-03-17 16:43:55,186 - __main__ - INFO - Prediction made: normal.
2025-03-17 16:43:58,323 - __main__ - INFO - Prediction made: normal.
2025-03-17 16:44:01,449 - __main__ - INFO - Prediction made: normal.
2025-03-17 16:44:04,594 - __main__ - INFO - Prediction made: normal.
2025-03-17 16:44:07,752 - __main__ - INFO - Prediction made: normal.
2025-03-17 16:44:10,877 - __main__ - INFO - Prediction made: normal.
2025-03-17 16:44:14,021 - __main__ - INFO - Prediction made: normal.
2025-03-17 16:44:17,132 - __main__ - INFO - Prediction made: normal.
2025-03-17 16:44:20,234 - __main__ - INFO - Prediction made: normal.
2025-03-17 16:44:23,343 - __main__ - INFO - Prediction made: normal.
2025-03-17 16:44:26,455 - __main__ - INFO - Prediction made: normal.
2025-03-17 16:44:29,590 - __main__ - INFO - Prediction made: normal.
2025-03-17 16:44:32,716 - __main__ - INFO - Prediction made: normal.
2025-03-17 16:44:35,879 - __main__ - INFO - Prediction made: normal.
2025-03-17 16:44:39,025 - __main__ - INFO - Prediction made: normal.
2025-03-17 16:44:42,165 - __main__ - INFO - Prediction made: normal.
2025-03-17 16:44:45,305 - __main__ - INFO - Prediction made: normal.
2025-03-17 16:44:48,436 - __main__ - INFO - Prediction made: normal.
2025-03-17 16:44:51,548 - __main__ - INFO - Prediction made: normal.
2025-03-17 16:44:54,664 - __main__ - INFO - Prediction made: normal.
2025-03-17 16:44:57,783 - __main__ - INFO - Prediction made: normal.
2025-03-17 16:45:00,978 - __main__ - INFO - Prediction made: normal.
2025-03-17 16:45:04,110 - __main__ - INFO - Prediction made: normal.
2025-03-17 16:45:07,354 - __main__ - INFO - Prediction made: normal.
2025-03-17 16:45:10,480 - __main__ - INFO - Prediction made: normal.
2025-03-17 16:45:13,626 - __main__ - INFO - Prediction made: normal.
2025-03-17 16:45:16,776 - __main__ - INFO - Prediction made: normal.
2025-03-17 16:45:19,926 - __main__ - INFO - Prediction made: normal.
2025-03-17 16:45:23,060 - __main__ - INFO - Prediction made: normal.
2025-03-17 16:45:26,331 - __main__ - INFO - Prediction made: normal.
2025-03-17 16:45:29,601 - __main__ - INFO - Prediction made: normal.
2025-03-17 16:45:32,796 - __main__ - INFO - Prediction made: normal.
2025-03-17 16:45:36,088 - __main__ - INFO - Prediction made: normal.
2025-03-17 16:45:39,275 - __main__ - INFO - Prediction made: normal.
2025-03-17 16:45:42,508 - __main__ - INFO - Prediction made: normal.
2025-03-17 16:45:45,689 - __main__ - INFO - Prediction made: normal.
2025-03-17 16:45:48,883 - __main__ - INFO - Prediction made: normal.
2025-03-17 16:45:52,093 - __main__ - INFO - Prediction made: normal.
2025-03-17 16:45:55,275 - __main__ - INFO - Prediction made: normal.
2025-03-17 16:45:58,480 - __main__ - INFO - Prediction made: normal.
2025-03-17 16:46:01,652 - __main__ - INFO - Prediction made: normal.
2025-03-17 16:46:04,943 - __main__ - INFO - Prediction made: normal.
2025-03-17 16:46:08,145 - __main__ - INFO - Prediction made: normal.
2025-03-17 16:46:11,338 - __main__ - INFO - Prediction made: normal.
2025-03-17 16:46:14,534 - __main__ - INFO - Prediction made: normal.
2025-03-17 16:46:17,726 - __main__ - INFO - Prediction made: normal.
2025-03-17 16:46:20,938 - __main__ - INFO - Prediction made: normal.
2025-03-17 16:46:24,220 - __main__ - INFO - Prediction made: normal.
2025-03-17 16:46:27,454 - __main__ - INFO - Prediction made: normal.
2025-03-17 16:46:30,685 - __main__ - INFO - Prediction made: normal.
2025-03-17 16:46:33,865 - __main__ - INFO - Prediction made: normal.
2025-03-17 16:46:37,075 - __main__ - INFO - Prediction made: normal.
2025-03-17 16:46:40,250 - __main__ - INFO - Prediction made: normal.
2025-03-17 16:46:43,471 - __main__ - INFO - Prediction made: normal.
2025-03-17 16:46:46,747 - __main__ - INFO - Prediction made: normal.
2025-03-17 16:46:49,949 - __main__ - INFO - Prediction made: normal.
2025-03-17 16:46:53,212 - __main__ - INFO - Prediction made: normal.
2025-03-17 16:46:56,394 - __main__ - INFO - Prediction made: normal.
2025-03-17 16:46:59,536 - __main__ - INFO - Prediction made: normal.
2025-03-17 16:47:02,660 - __main__ - INFO - Prediction made: normal.
2025-03-17 16:47:05,805 - __main__ - INFO - Prediction made: normal.
2025-03-17 16:47:08,956 - __main__ - INFO - Prediction made: normal.
2025-03-17 16:47:12,083 - __main__ - INFO - Prediction made: normal.
2025-03-17 16:47:15,191 - __main__ - INFO - Prediction made: normal.
2025-03-17 16:47:18,309 - __main__ - INFO - Prediction made: normal.
2025-03-17 16:47:21,415 - __main__ - INFO - Prediction made: normal.
2025-03-17 16:47:24,541 - __main__ - INFO - Prediction made: normal.
2025-03-17 16:47:27,646 - __main__ - INFO - Prediction made: normal.
2025-03-17 16:47:30,772 - __main__ - INFO - Prediction made: normal.
2025-03-17 16:47:33,967 - __main__ - INFO - Prediction made: normal.
2025-03-17 16:47:37,109 - __main__ - INFO - Prediction made: normal.
2025-03-17 16:47:40,252 - __main__ - INFO - Prediction made: normal.
2025-03-17 16:47:43,378 - __main__ - INFO - Prediction made: normal.
2025-03-17 16:47:46,522 - __main__ - INFO - Prediction made: normal.
2025-03-17 16:47:49,666 - __main__ - INFO - Prediction made: normal.
2025-03-17 16:47:52,822 - __main__ - INFO - Prediction made: normal.
2025-03-17 16:47:55,992 - __main__ - INFO - Prediction made: normal.
2025-03-17 16:47:59,115 - __main__ - INFO - Prediction made: normal.
2025-03-17 16:48:02,252 - __main__ - INFO - Prediction made: normal.
2025-03-17 16:48:05,382 - __main__ - INFO - Prediction made: normal.
2025-03-17 16:48:08,592 - __main__ - INFO - Prediction made: normal.
2025-03-17 16:48:11,728 - __main__ - INFO - Prediction made: normal.
2025-03-17 16:48:14,880 - __main__ - INFO - Prediction made: normal.
2025-03-17 16:48:18,189 - __main__ - INFO - Prediction made: normal.
2025-03-17 16:48:21,453 - __main__ - INFO - Prediction made: normal.
2025-03-17 16:48:24,656 - __main__ - INFO - Prediction made: normal.
2025-03-17 16:48:27,791 - __main__ - INFO - Prediction made: normal.
2025-03-17 16:48:30,917 - __main__ - INFO - Prediction made: normal.
2025-03-17 16:48:34,038 - __main__ - INFO - Prediction made: normal.
2025-03-17 16:48:37,171 - __main__ - INFO - Prediction made: normal.
2025-03-17 16:48:40,296 - __main__ - INFO - Prediction made: normal.
2025-03-17 16:48:43,399 - __main__ - INFO - Prediction made: normal.
2025-03-17 16:48:46,543 - __main__ - INFO - Prediction made: normal.
2025-03-17 16:48:49,664 - __main__ - INFO - Prediction made: normal.
2025-03-17 16:48:52,781 - __main__ - INFO - Prediction made: normal.
2025-03-17 16:48:55,895 - __main__ - INFO - Prediction made: normal.
2025-03-17 16:48:59,006 - __main__ - INFO - Prediction made: normal.
2025-03-17 16:49:02,103 - __main__ - INFO - Prediction made: normal.
2025-03-17 16:49:05,211 - __main__ - INFO - Prediction made: normal.
2025-03-17 16:49:08,324 - __main__ - INFO - Prediction made: normal.
2025-03-17 16:49:11,443 - __main__ - INFO - Prediction made: normal.
2025-03-17 16:49:14,553 - __main__ - INFO - Prediction made: normal.
2025-03-17 16:49:17,686 - __main__ - INFO - Prediction made: normal.
2025-03-17 16:49:20,788 - __main__ - INFO - Prediction made: normal.
2025-03-17 16:49:23,934 - __main__ - INFO - Prediction made: normal.
2025-03-17 16:49:27,105 - __main__ - INFO - Prediction made: normal.
2025-03-17 16:49:30,285 - __main__ - INFO - Prediction made: normal.
2025-03-17 16:49:33,456 - __main__ - INFO - Prediction made: normal.
2025-03-17 16:49:36,768 - __main__ - INFO - Prediction made: normal.
2025-03-17 16:49:40,080 - __main__ - INFO - Prediction made: normal.
2025-03-17 16:49:43,325 - __main__ - INFO - Prediction made: normal.
2025-03-17 16:49:46,505 - __main__ - INFO - Prediction made: normal.
2025-03-17 16:49:49,733 - __main__ - INFO - Prediction made: normal.
2025-03-17 16:49:52,975 - __main__ - INFO - Prediction made: normal.
2025-03-17 16:49:56,239 - __main__ - INFO - Prediction made: normal.
2025-03-17 16:49:59,458 - __main__ - INFO - Prediction made: normal.
2025-03-17 16:50:02,794 - __main__ - INFO - Prediction made: normal.
2025-03-17 16:50:06,018 - __main__ - INFO - Prediction made: normal.
2025-03-17 16:50:09,285 - __main__ - INFO - Prediction made: normal.
2025-03-17 16:50:12,575 - __main__ - INFO - Prediction made: normal.
2025-03-17 16:50:15,845 - __main__ - INFO - Prediction made: normal.
2025-03-17 16:50:19,092 - __main__ - INFO - Prediction made: normal.
2025-03-17 16:50:22,293 - __main__ - INFO - Prediction made: normal.
2025-03-17 16:50:25,484 - __main__ - INFO - Prediction made: normal.
2025-03-17 16:50:28,663 - __main__ - INFO - Prediction made: normal.
2025-03-17 16:50:31,842 - __main__ - INFO - Prediction made: normal.
2025-03-17 16:50:35,051 - __main__ - INFO - Prediction made: normal.
2025-03-17 16:50:38,260 - __main__ - INFO - Prediction made: normal.
2025-03-17 16:50:41,508 - __main__ - INFO - Prediction made: normal.
2025-03-17 16:50:44,665 - __main__ - INFO - Prediction made: normal.
2025-03-17 16:50:47,926 - __main__ - INFO - Prediction made: normal.
2025-03-17 16:50:51,120 - __main__ - INFO - Prediction made: normal.
2025-03-17 16:50:54,389 - __main__ - INFO - Prediction made: normal.
2025-03-17 16:50:57,624 - __main__ - INFO - Prediction made: normal.
2025-03-17 16:51:00,871 - __main__ - INFO - Prediction made: normal.
2025-03-17 16:51:03,997 - __main__ - INFO - Prediction made: normal.
2025-03-17 16:51:07,218 - __main__ - INFO - Prediction made: normal.
2025-03-17 16:51:10,532 - __main__ - INFO - Prediction made: normal.
2025-03-17 16:51:13,748 - __main__ - INFO - Prediction made: normal.
2025-03-17 16:51:16,933 - __main__ - INFO - Prediction made: normal.
2025-03-17 16:51:20,050 - __main__ - INFO - Prediction made: normal.
2025-03-17 16:51:23,187 - __main__ - INFO - Prediction made: normal.
2025-03-17 16:51:26,313 - __main__ - INFO - Prediction made: normal.
2025-03-17 16:51:29,447 - __main__ - INFO - Prediction made: normal.
2025-03-17 16:51:32,550 - __main__ - INFO - Prediction made: normal.
2025-03-17 16:51:35,687 - __main__ - INFO - Prediction made: normal.
2025-03-17 16:51:38,822 - __main__ - INFO - Prediction made: normal.
2025-03-17 16:51:41,950 - __main__ - INFO - Prediction made: normal.
2025-03-17 16:51:45,079 - __main__ - INFO - Prediction made: normal.
2025-03-17 16:51:48,210 - __main__ - INFO - Prediction made: normal.
2025-03-17 16:51:51,357 - __main__ - INFO - Prediction made: normal.
2025-03-17 16:51:54,481 - __main__ - INFO - Prediction made: normal.
2025-03-17 16:51:57,617 - __main__ - INFO - Prediction made: normal.
2025-03-17 16:52:00,752 - __main__ - INFO - Prediction made: normal.
2025-03-17 16:52:03,896 - __main__ - INFO - Prediction made: normal.
2025-03-17 16:52:07,009 - __main__ - INFO - Prediction made: normal.
2025-03-17 16:52:10,136 - __main__ - INFO - Prediction made: normal.
2025-03-17 16:52:13,258 - __main__ - INFO - Prediction made: normal.
2025-03-17 16:52:16,388 - __main__ - INFO - Prediction made: normal.
2025-03-17 16:52:19,517 - __main__ - INFO - Prediction made: normal.
2025-03-17 16:52:22,624 - __main__ - INFO - Prediction made: normal.
2025-03-17 16:52:25,727 - __main__ - INFO - Prediction made: normal.
2025-03-17 16:52:28,833 - __main__ - INFO - Prediction made: normal.
2025-03-17 16:52:31,945 - __main__ - INFO - Prediction made: normal.
2025-03-17 16:52:35,078 - __main__ - INFO - Prediction made: normal.
2025-03-17 16:52:38,199 - __main__ - INFO - Prediction made: normal.
2025-03-17 16:52:41,334 - __main__ - INFO - Prediction made: normal.
2025-03-17 16:52:44,476 - __main__ - INFO - Prediction made: normal.
2025-03-17 16:52:47,648 - __main__ - INFO - Prediction made: normal.
2025-03-17 16:52:50,816 - __main__ - INFO - Prediction made: normal.
2025-03-17 16:52:54,176 - __main__ - INFO - Prediction made: normal.
2025-03-17 16:52:57,349 - __main__ - INFO - Prediction made: normal.
2025-03-17 16:53:00,484 - __main__ - INFO - Prediction made: normal.
2025-03-17 16:53:03,598 - __main__ - INFO - Prediction made: normal.
2025-03-17 16:53:06,736 - __main__ - INFO - Prediction made: normal.
2025-03-17 16:53:09,939 - __main__ - INFO - Prediction made: normal.
2025-03-17 16:53:13,136 - __main__ - INFO - Prediction made: normal.
2025-03-17 16:53:16,377 - __main__ - INFO - Prediction made: normal.
2025-03-17 16:53:19,640 - __main__ - INFO - Prediction made: normal.
2025-03-17 16:53:22,783 - __main__ - INFO - Prediction made: normal.
2025-03-17 16:53:26,166 - __main__ - INFO - Prediction made: normal.
2025-03-17 16:53:29,378 - __main__ - INFO - Prediction made: normal.
2025-03-17 16:53:32,583 - __main__ - INFO - Prediction made: normal.
2025-03-17 16:53:35,848 - __main__ - INFO - Prediction made: normal.
2025-03-17 16:53:39,054 - __main__ - INFO - Prediction made: normal.
2025-03-17 16:53:42,253 - __main__ - INFO - Prediction made: normal.
2025-03-17 16:53:45,442 - __main__ - INFO - Prediction made: normal.
2025-03-17 16:53:48,664 - __main__ - INFO - Prediction made: normal.
2025-03-17 16:53:51,873 - __main__ - INFO - Prediction made: normal.
2025-03-17 16:53:55,078 - __main__ - INFO - Prediction made: normal.
2025-03-17 16:53:58,339 - __main__ - INFO - Prediction made: normal.
2025-03-17 16:54:01,611 - __main__ - INFO - Prediction made: normal.
2025-03-17 16:54:04,813 - __main__ - INFO - Prediction made: normal.
2025-03-17 16:54:08,028 - __main__ - INFO - Prediction made: normal.
2025-03-17 16:54:11,298 - __main__ - INFO - Prediction made: normal.
2025-03-17 16:54:14,523 - __main__ - INFO - Prediction made: normal.
2025-03-17 16:54:17,736 - __main__ - INFO - Prediction made: normal.
2025-03-17 16:54:20,919 - __main__ - INFO - Prediction made: normal.
2025-03-17 16:54:24,126 - __main__ - INFO - Prediction made: normal.
2025-03-17 16:54:27,383 - __main__ - INFO - Prediction made: normal.
2025-03-17 16:54:30,600 - __main__ - INFO - Prediction made: normal.
2025-03-17 16:54:33,832 - __main__ - INFO - Prediction made: normal.
2025-03-17 16:54:52,734 - __main__ - INFO - Prediction made: normal.
2025-03-17 16:54:57,638 - __main__ - INFO - Prediction made: normal.
2025-03-17 16:55:00,954 - __main__ - INFO - Prediction made: normal.
2025-03-17 16:55:04,272 - __main__ - INFO - Prediction made: normal.
2025-03-17 16:55:07,623 - __main__ - INFO - Prediction made: normal.
2025-03-17 16:55:11,045 - __main__ - INFO - Prediction made: normal.
2025-03-17 16:55:14,578 - __main__ - INFO - Prediction made: normal.
2025-03-17 16:55:17,931 - __main__ - INFO - Prediction made: normal.
2025-03-17 16:55:21,277 - __main__ - INFO - Prediction made: normal.
2025-03-18 09:54:00,657 - __main__ - INFO - Loading existing model...
2025-03-18 09:56:49,777 - __main__ - INFO - Prediction made: normal.
2025-03-18 09:56:54,575 - __main__ - INFO - Prediction made: normal.
2025-03-18 09:56:57,975 - __main__ - INFO - Prediction made: normal.
2025-03-18 09:57:01,235 - __main__ - INFO - Prediction made: normal.
2025-03-18 09:57:04,578 - __main__ - INFO - Prediction made: normal.
2025-03-18 09:57:08,006 - __main__ - INFO - Prediction made: normal.
2025-03-18 09:57:11,300 - __main__ - INFO - Prediction made: normal.
2025-03-18 09:57:14,733 - __main__ - INFO - Prediction made: normal.
2025-03-18 09:57:18,108 - __main__ - INFO - Prediction made: normal.
2025-03-18 09:57:21,463 - __main__ - INFO - Prediction made: normal.
2025-03-18 09:57:24,773 - __main__ - INFO - Prediction made: normal.
2025-03-18 09:57:28,135 - __main__ - INFO - Prediction made: normal.
2025-03-18 09:57:31,470 - __main__ - INFO - Prediction made: normal.
2025-03-18 09:57:34,803 - __main__ - INFO - Prediction made: normal.
2025-03-18 09:57:38,122 - __main__ - INFO - Prediction made: normal.
2025-03-18 09:57:41,526 - __main__ - INFO - Prediction made: normal.
2025-03-18 09:57:44,943 - __main__ - INFO - Prediction made: normal.
2025-03-18 09:57:48,271 - __main__ - INFO - Prediction made: normal.
2025-03-18 09:57:51,590 - __main__ - INFO - Prediction made: normal.
2025-03-18 09:57:54,945 - __main__ - INFO - Prediction made: normal.
2025-03-18 09:57:58,233 - __main__ - INFO - Prediction made: normal.
2025-03-18 09:58:01,531 - __main__ - INFO - Prediction made: normal.
2025-03-18 09:58:04,890 - __main__ - INFO - Prediction made: normal.
2025-03-18 09:58:08,216 - __main__ - INFO - Prediction made: normal.
2025-03-18 09:58:11,513 - __main__ - INFO - Prediction made: normal.
2025-03-18 09:58:14,855 - __main__ - INFO - Prediction made: normal.
2025-03-18 09:58:18,271 - __main__ - INFO - Prediction made: normal.
2025-03-18 09:58:21,579 - __main__ - INFO - Prediction made: normal.
2025-03-18 09:58:24,895 - __main__ - INFO - Prediction made: normal.
2025-03-18 09:58:28,267 - __main__ - INFO - Prediction made: normal.
2025-03-18 09:58:31,634 - __main__ - INFO - Prediction made: normal.
2025-03-18 09:58:35,062 - __main__ - INFO - Prediction made: normal.
2025-03-18 09:58:38,384 - __main__ - INFO - Prediction made: normal.
2025-03-18 09:58:41,625 - __main__ - INFO - Prediction made: normal.
2025-03-18 09:58:44,866 - __main__ - INFO - Prediction made: normal.
2025-03-18 09:58:48,105 - __main__ - INFO - Prediction made: normal.
2025-03-18 09:58:51,397 - __main__ - INFO - Prediction made: normal.
2025-03-18 09:58:54,647 - __main__ - INFO - Prediction made: normal.
2025-03-18 09:58:57,918 - __main__ - INFO - Prediction made: normal.
2025-03-18 09:59:01,102 - __main__ - INFO - Prediction made: normal.
2025-03-18 09:59:04,329 - __main__ - INFO - Prediction made: normal.
2025-03-18 09:59:07,565 - __main__ - INFO - Prediction made: normal.
2025-03-18 09:59:10,787 - __main__ - INFO - Prediction made: normal.
2025-03-18 09:59:14,081 - __main__ - INFO - Prediction made: normal.
2025-03-18 09:59:17,309 - __main__ - INFO - Prediction made: normal.
2025-03-18 09:59:20,559 - __main__ - INFO - Prediction made: normal.
2025-03-18 09:59:23,769 - __main__ - INFO - Prediction made: normal.
2025-03-18 09:59:27,038 - __main__ - INFO - Prediction made: normal.
2025-03-18 09:59:30,342 - __main__ - INFO - Prediction made: normal.
2025-03-18 09:59:33,638 - __main__ - INFO - Prediction made: normal.
2025-03-18 09:59:36,896 - __main__ - INFO - Prediction made: normal.
2025-03-18 09:59:40,165 - __main__ - INFO - Prediction made: normal.
2025-03-18 09:59:43,439 - __main__ - INFO - Prediction made: normal.
2025-03-18 09:59:46,676 - __main__ - INFO - Prediction made: normal.
2025-03-18 09:59:49,973 - __main__ - INFO - Prediction made: normal.
2025-03-18 09:59:53,234 - __main__ - INFO - Prediction made: normal.
2025-03-18 09:59:56,502 - __main__ - INFO - Prediction made: normal.
2025-03-18 09:59:59,781 - __main__ - INFO - Prediction made: normal.
2025-03-18 10:00:03,032 - __main__ - INFO - Prediction made: normal.
2025-03-18 10:00:06,270 - __main__ - INFO - Prediction made: normal.
2025-03-18 10:00:09,574 - __main__ - INFO - Prediction made: normal.
2025-03-18 10:00:12,824 - __main__ - INFO - Prediction made: normal.
2025-03-18 10:00:16,161 - __main__ - INFO - Prediction made: normal.
2025-03-18 10:00:19,367 - __main__ - INFO - Prediction made: normal.
2025-03-18 10:00:22,635 - __main__ - INFO - Prediction made: normal.
2025-03-18 10:00:25,870 - __main__ - INFO - Prediction made: normal.
2025-03-18 10:00:29,074 - __main__ - INFO - Prediction made: normal.
2025-03-18 10:00:32,343 - __main__ - INFO - Prediction made: normal.
2025-03-18 10:00:35,594 - __main__ - INFO - Prediction made: normal.
2025-03-18 10:00:38,915 - __main__ - INFO - Prediction made: normal.
2025-03-18 10:00:42,146 - __main__ - INFO - Prediction made: normal.
2025-03-18 10:00:45,439 - __main__ - INFO - Prediction made: normal.
2025-03-18 10:00:48,670 - __main__ - INFO - Prediction made: normal.
2025-03-18 10:00:52,021 - __main__ - INFO - Prediction made: normal.
2025-03-18 10:00:55,284 - __main__ - INFO - Prediction made: normal.
2025-03-18 10:00:58,556 - __main__ - INFO - Prediction made: normal.
2025-03-18 10:01:01,811 - __main__ - INFO - Prediction made: normal.
2025-03-18 10:01:05,105 - __main__ - INFO - Prediction made: normal.
2025-03-18 10:01:08,378 - __main__ - INFO - Prediction made: normal.
2025-03-18 10:01:11,654 - __main__ - INFO - Prediction made: normal.
2025-03-18 10:01:14,961 - __main__ - INFO - Prediction made: normal.
2025-03-18 10:01:18,227 - __main__ - INFO - Prediction made: normal.
2025-03-18 10:01:21,575 - __main__ - INFO - Prediction made: normal.
2025-03-18 10:01:24,850 - __main__ - INFO - Prediction made: normal.
2025-03-18 10:01:28,060 - __main__ - INFO - Prediction made: normal.
2025-03-18 10:01:31,294 - __main__ - INFO - Prediction made: normal.
2025-03-18 10:01:34,546 - __main__ - INFO - Prediction made: normal.
2025-03-18 10:01:37,789 - __main__ - INFO - Prediction made: normal.
2025-03-18 10:01:41,097 - __main__ - INFO - Prediction made: normal.
2025-03-18 10:01:44,414 - __main__ - INFO - Prediction made: normal.
2025-03-18 10:01:47,812 - __main__ - INFO - Prediction made: normal.
2025-03-18 10:01:51,102 - __main__ - INFO - Prediction made: normal.
2025-03-18 10:01:54,503 - __main__ - INFO - Prediction made: normal.
2025-03-18 10:01:57,794 - __main__ - INFO - Prediction made: normal.
2025-03-18 10:02:00,998 - __main__ - INFO - Prediction made: normal.
2025-03-18 10:02:04,219 - __main__ - INFO - Prediction made: normal.
2025-03-18 10:02:07,439 - __main__ - INFO - Prediction made: normal.
2025-03-18 10:02:10,697 - __main__ - INFO - Prediction made: normal.
2025-03-18 10:02:14,040 - __main__ - INFO - Prediction made: normal.
2025-03-18 10:02:17,306 - __main__ - INFO - Prediction made: normal.
2025-03-18 10:02:20,559 - __main__ - INFO - Prediction made: normal.
2025-03-18 10:02:23,780 - __main__ - INFO - Prediction made: normal.
2025-03-18 10:02:27,111 - __main__ - INFO - Prediction made: normal.
2025-03-18 10:02:30,311 - __main__ - INFO - Prediction made: normal.
2025-03-18 10:02:33,574 - __main__ - INFO - Prediction made: normal.
2025-03-18 10:02:36,820 - __main__ - INFO - Prediction made: normal.
2025-03-18 10:02:40,084 - __main__ - INFO - Prediction made: normal.
2025-03-18 10:02:43,402 - __main__ - INFO - Prediction made: normal.
2025-03-18 10:02:46,614 - __main__ - INFO - Prediction made: normal.
2025-03-18 10:02:49,785 - __main__ - INFO - Prediction made: normal.
2025-03-18 10:02:52,988 - __main__ - INFO - Prediction made: normal.
2025-03-18 10:02:56,187 - __main__ - INFO - Prediction made: normal.
2025-03-18 10:02:59,403 - __main__ - INFO - Prediction made: normal.
2025-03-18 10:03:02,636 - __main__ - INFO - Prediction made: normal.
2025-03-18 10:03:05,878 - __main__ - INFO - Prediction made: normal.
2025-03-18 10:03:09,119 - __main__ - INFO - Prediction made: normal.
2025-03-18 10:03:12,348 - __main__ - INFO - Prediction made: normal.
2025-03-18 10:03:15,606 - __main__ - INFO - Prediction made: normal.
2025-03-18 10:03:18,873 - __main__ - INFO - Prediction made: normal.
2025-03-18 10:03:22,067 - __main__ - INFO - Prediction made: normal.
2025-03-18 10:03:25,262 - __main__ - INFO - Prediction made: normal.
2025-03-18 10:03:28,476 - __main__ - INFO - Prediction made: normal.
2025-03-18 10:03:31,691 - __main__ - INFO - Prediction made: normal.
2025-03-18 10:03:34,892 - __main__ - INFO - Prediction made: normal.
2025-03-18 10:03:38,116 - __main__ - INFO - Prediction made: normal.
2025-03-18 10:03:41,322 - __main__ - INFO - Prediction made: normal.
2025-03-18 10:03:44,537 - __main__ - INFO - Prediction made: normal.
2025-03-18 10:03:47,885 - __main__ - INFO - Prediction made: normal.
2025-03-18 10:03:51,166 - __main__ - INFO - Prediction made: normal.
2025-03-18 10:03:54,386 - __main__ - INFO - Prediction made: normal.
2025-03-18 10:03:57,597 - __main__ - INFO - Prediction made: normal.
2025-03-18 10:04:00,875 - __main__ - INFO - Prediction made: normal.
2025-03-18 10:04:04,123 - __main__ - INFO - Prediction made: normal.
2025-03-18 10:04:07,429 - __main__ - INFO - Prediction made: normal.
2025-03-18 10:04:10,682 - __main__ - INFO - Prediction made: normal.
2025-03-18 10:04:13,938 - __main__ - INFO - Prediction made: normal.
2025-03-18 10:04:17,203 - __main__ - INFO - Prediction made: normal.
2025-03-18 10:04:20,459 - __main__ - INFO - Prediction made: normal.
2025-03-18 10:04:23,736 - __main__ - INFO - Prediction made: normal.
2025-03-18 10:04:27,032 - __main__ - INFO - Prediction made: normal.
2025-03-18 10:04:30,311 - __main__ - INFO - Prediction made: normal.
2025-03-18 10:04:33,558 - __main__ - INFO - Prediction made: normal.
2025-03-18 10:04:36,793 - __main__ - INFO - Prediction made: normal.
2025-03-18 10:04:40,063 - __main__ - INFO - Prediction made: normal.
2025-03-18 10:04:43,324 - __main__ - INFO - Prediction made: normal.
2025-03-18 10:04:46,577 - __main__ - INFO - Prediction made: normal.
2025-03-18 10:04:49,952 - __main__ - INFO - Prediction made: normal.
2025-03-18 10:04:53,197 - __main__ - INFO - Prediction made: normal.
2025-03-18 10:04:56,540 - __main__ - INFO - Prediction made: normal.
2025-03-18 10:04:59,754 - __main__ - INFO - Prediction made: normal.
2025-03-18 10:05:02,970 - __main__ - INFO - Prediction made: normal.
2025-03-18 10:05:06,249 - __main__ - INFO - Prediction made: normal.
2025-03-18 10:05:09,475 - __main__ - INFO - Prediction made: normal.
2025-03-18 10:05:12,714 - __main__ - INFO - Prediction made: normal.
2025-03-18 10:05:15,965 - __main__ - INFO - Prediction made: normal.
2025-03-18 10:05:19,268 - __main__ - INFO - Prediction made: normal.
2025-03-18 10:05:22,623 - __main__ - INFO - Prediction made: normal.
2025-03-18 10:05:25,868 - __main__ - INFO - Prediction made: normal.
2025-03-18 10:05:29,183 - __main__ - INFO - Prediction made: normal.
2025-03-18 10:05:32,509 - __main__ - INFO - Prediction made: normal.
2025-03-18 10:05:35,746 - __main__ - INFO - Prediction made: normal.
2025-03-18 10:05:39,025 - __main__ - INFO - Prediction made: normal.
2025-03-18 10:05:42,248 - __main__ - INFO - Prediction made: normal.
2025-03-18 10:05:45,482 - __main__ - INFO - Prediction made: normal.
2025-03-18 10:05:48,806 - __main__ - INFO - Prediction made: normal.
2025-03-18 10:05:52,029 - __main__ - INFO - Prediction made: normal.
2025-03-18 10:05:55,282 - __main__ - INFO - Prediction made: normal.
2025-03-18 10:05:58,479 - __main__ - INFO - Prediction made: normal.
2025-03-18 10:06:01,698 - __main__ - INFO - Prediction made: normal.
2025-03-18 10:06:04,946 - __main__ - INFO - Prediction made: normal.
2025-03-18 10:06:08,254 - __main__ - INFO - Prediction made: normal.
2025-03-18 10:06:11,529 - __main__ - INFO - Prediction made: normal.
2025-03-18 10:06:14,763 - __main__ - INFO - Prediction made: normal.
2025-03-18 10:06:18,028 - __main__ - INFO - Prediction made: normal.
2025-03-18 10:06:21,249 - __main__ - INFO - Prediction made: normal.
2025-03-18 10:06:24,525 - __main__ - INFO - Prediction made: normal.
2025-03-18 10:06:27,817 - __main__ - INFO - Prediction made: normal.
2025-03-18 10:06:31,119 - __main__ - INFO - Prediction made: normal.
2025-03-18 10:06:34,425 - __main__ - INFO - Prediction made: normal.
2025-03-18 10:06:37,653 - __main__ - INFO - Prediction made: normal.
2025-03-18 10:06:40,897 - __main__ - INFO - Prediction made: normal.
2025-03-18 10:06:44,160 - __main__ - INFO - Prediction made: normal.
2025-03-18 10:06:47,414 - __main__ - INFO - Prediction made: normal.
2025-03-18 10:06:50,647 - __main__ - INFO - Prediction made: normal.
2025-03-18 10:06:53,906 - __main__ - INFO - Prediction made: normal.
2025-03-18 10:06:57,121 - __main__ - INFO - Prediction made: normal.
2025-03-18 10:07:00,366 - __main__ - INFO - Prediction made: normal.
2025-03-18 10:07:03,572 - __main__ - INFO - Prediction made: normal.
2025-03-18 10:07:06,847 - __main__ - INFO - Prediction made: normal.
2025-03-18 10:07:10,147 - __main__ - INFO - Prediction made: normal.
2025-03-18 10:07:13,350 - __main__ - INFO - Prediction made: normal.
2025-03-18 10:07:16,697 - __main__ - INFO - Prediction made: normal.
2025-03-18 10:07:19,903 - __main__ - INFO - Prediction made: normal.
2025-03-18 10:07:23,131 - __main__ - INFO - Prediction made: normal.
2025-03-18 10:07:26,372 - __main__ - INFO - Prediction made: normal.
2025-03-18 10:07:29,685 - __main__ - INFO - Prediction made: normal.
2025-03-18 10:07:32,911 - __main__ - INFO - Prediction made: normal.
2025-03-18 10:07:36,154 - __main__ - INFO - Prediction made: normal.
2025-03-18 10:07:39,372 - __main__ - INFO - Prediction made: normal.
2025-03-18 10:07:42,634 - __main__ - INFO - Prediction made: normal.
2025-03-18 10:07:45,884 - __main__ - INFO - Prediction made: normal.
2025-03-18 10:07:49,126 - __main__ - INFO - Prediction made: normal.
2025-03-18 10:07:52,428 - __main__ - INFO - Prediction made: normal.
2025-03-18 10:07:55,653 - __main__ - INFO - Prediction made: normal.
2025-03-18 10:07:58,945 - __main__ - INFO - Prediction made: normal.
2025-03-18 10:08:02,195 - __main__ - INFO - Prediction made: normal.
2025-03-18 10:08:05,474 - __main__ - INFO - Prediction made: normal.
2025-03-18 10:08:08,709 - __main__ - INFO - Prediction made: normal.
2025-03-18 10:08:11,941 - __main__ - INFO - Prediction made: normal.
2025-03-18 10:08:15,162 - __main__ - INFO - Prediction made: normal.
2025-03-18 10:08:18,411 - __main__ - INFO - Prediction made: normal.
2025-03-18 10:08:21,643 - __main__ - INFO - Prediction made: normal.
2025-03-18 10:08:25,004 - __main__ - INFO - Prediction made: normal.
2025-03-18 10:08:28,336 - __main__ - INFO - Prediction made: normal.
2025-03-18 10:08:31,590 - __main__ - INFO - Prediction made: normal.
2025-03-18 10:08:34,832 - __main__ - INFO - Prediction made: normal.
2025-03-18 10:08:38,084 - __main__ - INFO - Prediction made: normal.
2025-03-18 10:08:41,313 - __main__ - INFO - Prediction made: normal.
2025-03-18 10:08:44,518 - __main__ - INFO - Prediction made: normal.
2025-03-18 10:08:47,804 - __main__ - INFO - Prediction made: normal.
2025-03-18 10:08:51,009 - __main__ - INFO - Prediction made: normal.
2025-03-18 10:08:54,227 - __main__ - INFO - Prediction made: normal.
2025-03-18 10:08:57,471 - __main__ - INFO - Prediction made: normal.
2025-03-18 10:09:00,780 - __main__ - INFO - Prediction made: normal.
2025-03-18 10:09:04,036 - __main__ - INFO - Prediction made: normal.
2025-03-18 10:09:07,264 - __main__ - INFO - Prediction made: normal.
2025-03-18 10:09:10,552 - __main__ - INFO - Prediction made: normal.
2025-03-18 10:09:13,779 - __main__ - INFO - Prediction made: normal.
2025-03-18 10:09:16,991 - __main__ - INFO - Prediction made: normal.
2025-03-18 10:09:20,192 - __main__ - INFO - Prediction made: normal.
2025-03-18 10:09:23,447 - __main__ - INFO - Prediction made: normal.
2025-03-18 10:09:26,797 - __main__ - INFO - Prediction made: normal.
2025-03-18 10:09:29,971 - __main__ - INFO - Prediction made: normal.
2025-03-18 10:09:33,213 - __main__ - INFO - Prediction made: normal.
2025-03-18 10:09:36,565 - __main__ - INFO - Prediction made: normal.
2025-03-18 10:09:39,782 - __main__ - INFO - Prediction made: normal.
2025-03-18 10:09:42,997 - __main__ - INFO - Prediction made: normal.
2025-03-18 10:09:46,337 - __main__ - INFO - Prediction made: normal.
2025-03-18 10:09:49,618 - __main__ - INFO - Prediction made: normal.
2025-03-18 10:09:52,856 - __main__ - INFO - Prediction made: normal.
2025-03-18 10:09:56,134 - __main__ - INFO - Prediction made: normal.
2025-03-18 10:09:59,330 - __main__ - INFO - Prediction made: normal.
2025-03-18 10:10:02,581 - __main__ - INFO - Prediction made: normal.
2025-03-18 10:10:05,866 - __main__ - INFO - Prediction made: normal.
2025-03-18 10:10:09,259 - __main__ - INFO - Prediction made: normal.
2025-03-18 10:10:12,770 - __main__ - INFO - Prediction made: normal.
2025-03-18 10:10:15,981 - __main__ - INFO - Prediction made: normal.
2025-03-18 10:10:19,225 - __main__ - INFO - Prediction made: normal.
2025-03-18 10:10:22,414 - __main__ - INFO - Prediction made: normal.
2025-03-18 10:10:25,641 - __main__ - INFO - Prediction made: normal.
2025-03-18 10:10:28,968 - __main__ - INFO - Prediction made: normal.
2025-03-18 10:10:32,187 - __main__ - INFO - Prediction made: normal.
2025-03-18 10:10:35,436 - __main__ - INFO - Prediction made: normal.
2025-03-18 10:10:38,691 - __main__ - INFO - Prediction made: normal.
2025-03-18 10:10:41,931 - __main__ - INFO - Prediction made: normal.
2025-03-18 10:10:45,251 - __main__ - INFO - Prediction made: normal.
2025-03-18 10:10:48,562 - __main__ - INFO - Prediction made: normal.
2025-03-18 10:10:51,881 - __main__ - INFO - Prediction made: normal.
2025-03-18 10:10:55,214 - __main__ - INFO - Prediction made: normal.
2025-03-18 10:10:58,430 - __main__ - INFO - Prediction made: normal.
2025-03-18 10:11:01,721 - __main__ - INFO - Prediction made: normal.
2025-03-18 10:11:04,997 - __main__ - INFO - Prediction made: normal.
2025-03-18 10:11:08,305 - __main__ - INFO - Prediction made: normal.
2025-03-18 10:11:11,492 - __main__ - INFO - Prediction made: normal.
2025-03-18 10:11:14,797 - __main__ - INFO - Prediction made: normal.
2025-03-18 10:11:18,022 - __main__ - INFO - Prediction made: normal.
2025-03-18 10:11:21,338 - __main__ - INFO - Prediction made: normal.
2025-03-18 10:11:24,533 - __main__ - INFO - Prediction made: normal.
2025-03-18 10:11:27,823 - __main__ - INFO - Prediction made: normal.
2025-03-18 10:11:31,046 - __main__ - INFO - Prediction made: normal.
2025-03-18 10:11:34,278 - __main__ - INFO - Prediction made: normal.
2025-03-18 10:11:37,706 - __main__ - INFO - Prediction made: normal.
2025-03-18 10:11:40,988 - __main__ - INFO - Prediction made: normal.
2025-03-18 10:11:44,234 - __main__ - INFO - Prediction made: normal.
2025-03-18 10:11:47,456 - __main__ - INFO - Prediction made: normal.
2025-03-18 10:11:50,704 - __main__ - INFO - Prediction made: normal.
2025-03-18 10:11:53,971 - __main__ - INFO - Prediction made: normal.
2025-03-18 10:11:57,235 - __main__ - INFO - Prediction made: normal.
2025-03-18 10:12:00,505 - __main__ - INFO - Prediction made: normal.
2025-03-18 10:12:03,754 - __main__ - INFO - Prediction made: normal.
2025-03-18 10:12:07,048 - __main__ - INFO - Prediction made: normal.
2025-03-18 10:12:10,285 - __main__ - INFO - Prediction made: normal.
2025-03-18 10:12:13,528 - __main__ - INFO - Prediction made: normal.
2025-03-18 10:12:16,807 - __main__ - INFO - Prediction made: normal.
2025-03-18 10:12:20,083 - __main__ - INFO - Prediction made: normal.
2025-03-18 10:12:23,421 - __main__ - INFO - Prediction made: normal.
2025-03-18 10:12:26,666 - __main__ - INFO - Prediction made: normal.
2025-03-18 10:12:29,877 - __main__ - INFO - Prediction made: normal.
2025-03-18 10:12:33,171 - __main__ - INFO - Prediction made: normal.
2025-03-18 10:12:36,432 - __main__ - INFO - Prediction made: normal.
2025-03-18 10:12:39,706 - __main__ - INFO - Prediction made: normal.
2025-03-18 10:13:16,232 - __main__ - INFO - Prediction made: normal.
2025-03-18 10:13:19,447 - __main__ - INFO - Prediction made: normal.
2025-03-18 10:13:21,668 - __main__ - INFO - Prediction made: normal.
2025-03-18 10:13:23,940 - __main__ - INFO - Prediction made: normal.
2025-03-18 10:13:26,231 - __main__ - INFO - Prediction made: normal.
2025-03-18 10:13:28,480 - __main__ - INFO - Prediction made: normal.
2025-03-18 10:13:30,776 - __main__ - INFO - Prediction made: normal.
2025-03-18 10:13:33,062 - __main__ - INFO - Prediction made: normal.
2025-03-18 10:13:35,348 - __main__ - INFO - Prediction made: normal.
2025-03-18 10:13:37,633 - __main__ - INFO - Prediction made: normal.
2025-03-18 10:13:39,890 - __main__ - INFO - Prediction made: normal.
2025-03-18 10:13:42,142 - __main__ - INFO - Prediction made: normal.
2025-03-18 10:13:44,414 - __main__ - INFO - Prediction made: normal.
2025-03-18 10:13:46,624 - __main__ - INFO - Prediction made: normal.
2025-03-18 10:13:48,939 - __main__ - INFO - Prediction made: normal.
